<?xml version="1.0" encoding="UTF-8"?>
<!-- Generated by org.testng.reporters.JUnitReportReporter -->
<testsuite hostname="Pollob" failures="0" tests="2" name="upskaill.dummy.restAssureTest.GetAllemployeeRecord" time="1.724" errors="0" timestamp="5 May 2022 01:06:39 GMT">
  <testcase classname="upskaill.dummy.restAssureTest.GetAllemployeeRecord" name="GetAllEmployeeDetails2" time="1.418"/>
  <testcase classname="upskaill.dummy.restAssureTest.GetAllemployeeRecord" name="GetEmployeeDetails" time="0.306"/>
</testsuite> <!-- upskaill.dummy.restAssureTest.GetAllemployeeRecord -->
